<?xml version="1.0" encoding="UTF-8"?>
<testng-results ignored="0" total="1" passed="1" failed="0" skipped="0">
  <reporter-output>
  </reporter-output>
  <suite started-at="2023-10-09T12:14:22 IST" name="Suite" finished-at="2023-10-09T12:14:22 IST" duration-ms="37">
    <groups>
    </groups>
    <test started-at="2023-10-09T12:14:22 IST" name="Test" finished-at="2023-10-09T12:14:22 IST" duration-ms="37">
      <class name="com.test.FirstTest2">
        <test-method is-config="true" signature="beforeSuite()[pri:0, instance:com.test.FirstTest2@dbf57b3]" started-at="2023-10-09T12:14:22 IST" name="beforeSuite" finished-at="2023-10-09T12:14:22 IST" duration-ms="12" status="PASS">
          <reporter-output>
          </reporter-output>
        </test-method> <!-- beforeSuite -->
        <test-method is-config="true" signature="beforeTest()[pri:0, instance:com.test.FirstTest2@dbf57b3]" started-at="2023-10-09T12:14:22 IST" name="beforeTest" finished-at="2023-10-09T12:14:22 IST" duration-ms="1" status="PASS">
          <reporter-output>
          </reporter-output>
        </test-method> <!-- beforeTest -->
        <test-method is-config="true" signature="beforeClass()[pri:0, instance:com.test.FirstTest2@dbf57b3]" started-at="2023-10-09T12:14:22 IST" name="beforeClass" finished-at="2023-10-09T12:14:22 IST" duration-ms="0" status="PASS">
          <reporter-output>
          </reporter-output>
        </test-method> <!-- beforeClass -->
        <test-method is-config="true" signature="beforeMethod()[pri:0, instance:com.test.FirstTest2@dbf57b3]" started-at="2023-10-09T12:14:22 IST" name="beforeMethod" finished-at="2023-10-09T12:14:22 IST" duration-ms="1" status="PASS">
          <reporter-output>
          </reporter-output>
        </test-method> <!-- beforeMethod -->
        <test-method signature="test()[pri:0, instance:com.test.FirstTest2@dbf57b3]" started-at="2023-10-09T12:14:22 IST" name="test" finished-at="2023-10-09T12:14:22 IST" duration-ms="2" status="PASS">
          <reporter-output>
          </reporter-output>
        </test-method> <!-- test -->
      </class> <!-- com.test.FirstTest2 -->
    </test> <!-- Test -->
  </suite> <!-- Suite -->
</testng-results>
