<?xml version="1.0" encoding="UTF-8"?>
<testng-results ignored="0" total="2" passed="2" failed="0" skipped="0">
  <reporter-output>
  </reporter-output>
  <suite started-at="2023-11-07T19:02:33 IST" name="Default suite" finished-at="2023-11-07T19:02:33 IST" duration-ms="72">
    <groups>
    </groups>
    <test started-at="2023-11-07T19:02:33 IST" name="Default test" finished-at="2023-11-07T19:02:33 IST" duration-ms="72">
      <class name="com.test.FirstTest">
        <test-method is-config="true" signature="beforeSuite()[pri:0, instance:com.test.FirstTest@9f116cc]" started-at="2023-11-07T19:02:33 IST" name="beforeSuite" finished-at="2023-11-07T19:02:33 IST" duration-ms="15" status="PASS">
          <reporter-output>
          </reporter-output>
        </test-method> <!-- beforeSuite -->
        <test-method is-config="true" signature="beforeTest()[pri:0, instance:com.test.FirstTest@9f116cc]" started-at="2023-11-07T19:02:33 IST" name="beforeTest" finished-at="2023-11-07T19:02:33 IST" duration-ms="0" status="PASS">
          <reporter-output>
          </reporter-output>
        </test-method> <!-- beforeTest -->
        <test-method is-config="true" signature="beforeClass()[pri:0, instance:com.test.FirstTest@9f116cc]" started-at="2023-11-07T19:02:33 IST" name="beforeClass" finished-at="2023-11-07T19:02:33 IST" duration-ms="1" status="PASS">
          <reporter-output>
          </reporter-output>
        </test-method> <!-- beforeClass -->
        <test-method is-config="true" signature="beforeMethod()[pri:0, instance:com.test.FirstTest@9f116cc]" started-at="2023-11-07T19:02:33 IST" name="beforeMethod" finished-at="2023-11-07T19:02:33 IST" duration-ms="1" status="PASS">
          <reporter-output>
          </reporter-output>
        </test-method> <!-- beforeMethod -->
        <test-method signature="test()[pri:0, instance:com.test.FirstTest@9f116cc]" started-at="2023-11-07T19:02:33 IST" name="test" finished-at="2023-11-07T19:02:33 IST" duration-ms="18" status="PASS">
          <reporter-output>
          </reporter-output>
        </test-method> <!-- test -->
        <test-method signature="test2()[pri:0, instance:com.test.FirstTest@9f116cc]" started-at="2023-11-07T19:02:33 IST" name="test2" finished-at="2023-11-07T19:02:33 IST" depends-on-methods="com.test.FirstTest.test" duration-ms="5" status="PASS">
          <reporter-output>
          </reporter-output>
        </test-method> <!-- test2 -->
        <test-method is-config="true" signature="beforeMethod()[pri:0, instance:com.test.FirstTest@9f116cc]" started-at="2023-11-07T19:02:33 IST" name="beforeMethod" finished-at="2023-11-07T19:02:33 IST" duration-ms="0" status="PASS">
          <reporter-output>
          </reporter-output>
        </test-method> <!-- beforeMethod -->
      </class> <!-- com.test.FirstTest -->
    </test> <!-- Default test -->
  </suite> <!-- Default suite -->
</testng-results>
